    1  ls
    2  ls -l
    3  ls -la
    4  ls /usr
    5  pwd
    6  cd /root
    7  pwd
    8  cd usr
    9  ls
   10  cd ../usr
   11  cd ..
   12  ks
   13  ls
   14  cd home
   15  mkdir test1
   16  ls
   17  cd /home
   18  mkdir test2/test3
   19  mkdir -p test2/test3
   20  ls
   21  cd test2
   22  ls
   23  touch test1/index.php
   24  ls test1
   25  cd test1
   26  ls
   27  cd ..
   28  ls
   29  ls test1
   30  cd ../
   31  cd home/test2
   32  ls
   33  cd test3
   34  ls
   35  cd ..
   36  ls
   37  cd ..
   38  ls
   39  cd test1
   40  ls
   41  touch test1/index.php
   42  cd ,,.
   43  cd ..
   44  ls
   45  touch test1/index.php
   46  ls
   47  ls test1
   48  cd /home.test1 && ls
   49  cd /home/test1 && ls
   50  cd /home/test1
   51  cp index.php copy.php
   52  ls
   53  cd /home
   54  cp -r test1 test4
   55  ls
   56  ls test4
   57  cd /home
   58  mv test2/test3 test3
   59  ls
   60  cd /home
   61  mv test4 test1_copy
   62  ls
   63  cd /home
   64  ls test1
   65  cd ../
   66  ls
   67  cd /home
   68  ls
   69  cd /home
   70  ls test1
   71  rm test1/copy.php
   72  ls test1
   73  cd /home
   74  rm -r test3
   75  ls
   76  cd /home
   77  rm test1_copy/*.php
   78  ls test1_copy
   79  ls
   80  ls test1
   81* ls ty/
   82  ls test2
   83  cd /home
   84  echo '# Hello World' > README.md
   85  cat README.md
   86  echo '# Server Lesson' > README.md
   87  cat README.md
   88  cd /home
   89  echo 'Linux Practice' >> README.md
   90  echo '--------------------' >> README.md
   91  cat README.md
   92  cd /home
   93  vi README.md 
   94  cd /root
   95  mkdir server_lesson
   96  cd server_lesson/
   97  yum update -y && yum -y install git
   98  git version
   99  git init
  100  touch first.txt
  101  ls
  102  touch server_lesson/linux_practice1/public/index.php
  103  mkdir server_lesson/linux_practice1/public
  104  mkdir -p server_lesson/linux_practice1/public
  105  ls
  106  rm -f server_lesson/linux_practice1/public/
  107  rm -r server_lesson/linux_practice1/public/
  108  ls
  109  cd server_lesson/
  110  ls
  111  cd linux_practice1/
  112  ls
  113  cd ../
  114  cd ./
  115  ls
  116  cd ../
  117  ls
  118  rm -r server_lesson
  119  ls
  120  mkdir -p linux_practice1/public
  121  cd linux_practice1/public/
  122  touch index.php
  123  cp index.php index_bk.php
  124  ls
  125  cd ../
  126  cp -r public tmp
  127  ls
  128  cd tmp/
  129  ls
  130  cd ..
  131  rm tmp/index_bk.php 
  132  ls tmp/
  133  cd ..
  134  touch README.md
  135  vi README.md 
  136  :set fenc?
  137  ser fenc
  138  set fenc
  139  set fenc?
  140  vi README.md 
  141  vi README.md 
  142  mkdir -p linux_practice2/documents
  143  cd linux_practice2/documents/
  144  touch gizumo{01...50}.md
  145  ls
  146  rm gizumo{01...50}.md
  147  ls
  148  rm gizumo{01..50}.md
  149  touch gizumo{01..50}.md
  150  ls
  151  cd ..
  152  mkdir trash
  153  cd trash/
  154  mv ../documents/gizumo{20..40}.md /
  155  ls
  156  cd ../documents/
  157  ls
  158  cd /
  159  ls
  160  mv ./gizumo{20..40}.md ./root/server_lesson/linux_practice2/trash/
  161  cd /root/server_lesson/linux_practice2/trash/
  162  ls
  163  cd ../
  164  touch .gitignore
  165  vi .gitignore 
  166  ls
  167  ls -a
  168  echo history 300 > exec_command.log
  169  ls
  170  vi exec_command.log 
  171  history 300 > exec_command.log 
